<?xml version="1.0" encoding="UTF-8"?>
<!-- Generated by org.testng.reporters.JUnitXMLReporter -->
<testsuite ignored="0" hostname="DESKTOP-S2DLNEQ" failures="0" tests="5" name="Default test" time="108.135" errors="0" timestamp="2023-11-02T15:47:11 IST">
  <testcase classname="testpkgpro.Testpro" name="registerdatadriven" time="67.318"/>
  <testcase classname="testpkgpro.Testpro" name="scrnshot" time="0.861"/>
  <testcase classname="testpkgpro.Testpro" name="scroll" time="10.357"/>
  <testcase classname="testpkgpro.Testpro" name="srch" time="9.382"/>
  <testcase classname="testpkgpro.Testpro" name="upload" time="4.35"/>
</testsuite> <!-- Default test -->
