<?xml version="1.0" encoding="UTF-8"?>
<testng-results ignored="0" total="5" passed="5" failed="0" skipped="0">
  <reporter-output>
  </reporter-output>
  <suite started-at="2023-11-02T15:45:23 IST" name="Default suite" finished-at="2023-11-02T15:47:11 IST" duration-ms="108135">
    <groups>
    </groups>
    <test started-at="2023-11-02T15:45:23 IST" name="Default test" finished-at="2023-11-02T15:47:11 IST" duration-ms="108135">
      <class name="testpkgpro.Testpro">
        <test-method is-config="true" signature="set()[pri:0, instance:testpkgpro.Testpro@41d477ed]" started-at="2023-11-02T15:45:23 IST" name="set" finished-at="2023-11-02T15:45:30 IST" duration-ms="6931" status="PASS">
          <reporter-output>
          </reporter-output>
        </test-method> <!-- set -->
        <test-method is-config="true" signature="urlloadnng()[pri:0, instance:testpkgpro.Testpro@41d477ed]" started-at="2023-11-02T15:45:30 IST" name="urlloadnng" finished-at="2023-11-02T15:45:34 IST" duration-ms="4139" status="PASS">
          <reporter-output>
          </reporter-output>
        </test-method> <!-- urlloadnng -->
        <test-method signature="registerdatadriven()[pri:0, instance:testpkgpro.Testpro@41d477ed]" started-at="2023-11-02T15:45:34 IST" name="registerdatadriven" finished-at="2023-11-02T15:46:42 IST" duration-ms="67318" status="PASS">
          <reporter-output>
          </reporter-output>
        </test-method> <!-- registerdatadriven -->
        <test-method is-config="true" signature="urlloadnng()[pri:0, instance:testpkgpro.Testpro@41d477ed]" started-at="2023-11-02T15:46:42 IST" name="urlloadnng" finished-at="2023-11-02T15:46:43 IST" duration-ms="1062" status="PASS">
          <reporter-output>
          </reporter-output>
        </test-method> <!-- urlloadnng -->
        <test-method signature="scrnshot()[pri:0, instance:testpkgpro.Testpro@41d477ed]" started-at="2023-11-02T15:46:43 IST" name="scrnshot" finished-at="2023-11-02T15:46:44 IST" duration-ms="861" status="PASS">
          <reporter-output>
          </reporter-output>
        </test-method> <!-- scrnshot -->
        <test-method is-config="true" signature="urlloadnng()[pri:0, instance:testpkgpro.Testpro@41d477ed]" started-at="2023-11-02T15:46:44 IST" name="urlloadnng" finished-at="2023-11-02T15:46:45 IST" duration-ms="1098" status="PASS">
          <reporter-output>
          </reporter-output>
        </test-method> <!-- urlloadnng -->
        <test-method signature="scroll()[pri:0, instance:testpkgpro.Testpro@41d477ed]" started-at="2023-11-02T15:46:45 IST" name="scroll" finished-at="2023-11-02T15:46:55 IST" duration-ms="10357" status="PASS">
          <reporter-output>
          </reporter-output>
        </test-method> <!-- scroll -->
        <test-method is-config="true" signature="urlloadnng()[pri:0, instance:testpkgpro.Testpro@41d477ed]" started-at="2023-11-02T15:46:55 IST" name="urlloadnng" finished-at="2023-11-02T15:46:56 IST" duration-ms="1184" status="PASS">
          <reporter-output>
          </reporter-output>
        </test-method> <!-- urlloadnng -->
        <test-method signature="srch()[pri:0, instance:testpkgpro.Testpro@41d477ed]" started-at="2023-11-02T15:46:56 IST" name="srch" finished-at="2023-11-02T15:47:06 IST" duration-ms="9382" status="PASS">
          <reporter-output>
          </reporter-output>
        </test-method> <!-- srch -->
        <test-method is-config="true" signature="urlloadnng()[pri:0, instance:testpkgpro.Testpro@41d477ed]" started-at="2023-11-02T15:47:06 IST" name="urlloadnng" finished-at="2023-11-02T15:47:07 IST" duration-ms="1196" status="PASS">
          <reporter-output>
          </reporter-output>
        </test-method> <!-- urlloadnng -->
        <test-method signature="upload()[pri:0, instance:testpkgpro.Testpro@41d477ed]" started-at="2023-11-02T15:47:07 IST" name="upload" finished-at="2023-11-02T15:47:11 IST" duration-ms="4350" status="PASS">
          <reporter-output>
          </reporter-output>
        </test-method> <!-- upload -->
      </class> <!-- testpkgpro.Testpro -->
    </test> <!-- Default test -->
  </suite> <!-- Default suite -->
</testng-results>
